<?xml version="1.0" encoding="UTF-8"?>
<testng-results skipped="0" failed="0" ignored="0" total="1" passed="1">
  <reporter-output>
  </reporter-output>
  <suite name="Default suite" duration-ms="18072" started-at="2021-07-07T11:16:51 IST" finished-at="2021-07-07T11:17:09 IST">
    <groups>
    </groups>
    <test name="Default test" duration-ms="18072" started-at="2021-07-07T11:16:51 IST" finished-at="2021-07-07T11:17:09 IST">
      <class name="com.MyCompany.SeleniumTests.HandleMultipleTabsOrWindows">
        <test-method status="PASS" signature="startBrowser()[pri:0, instance:com.MyCompany.SeleniumTests.HandleMultipleTabsOrWindows@23faf8f2]" name="startBrowser" is-config="true" duration-ms="3382" started-at="2021-07-07T11:16:51 IST" finished-at="2021-07-07T11:16:55 IST">
          <reporter-output>
          </reporter-output>
        </test-method> <!-- startBrowser -->
        <test-method status="PASS" signature="loginAsAdmin()[pri:0, instance:com.MyCompany.SeleniumTests.HandleMultipleTabsOrWindows@23faf8f2]" name="loginAsAdmin" duration-ms="14338" started-at="2021-07-07T11:16:55 IST" finished-at="2021-07-07T11:17:09 IST">
          <reporter-output>
          </reporter-output>
        </test-method> <!-- loginAsAdmin -->
        <test-method status="PASS" signature="quitSession()[pri:0, instance:com.MyCompany.SeleniumTests.HandleMultipleTabsOrWindows@23faf8f2]" name="quitSession" is-config="true" duration-ms="290" started-at="2021-07-07T11:17:09 IST" finished-at="2021-07-07T11:17:09 IST">
          <reporter-output>
          </reporter-output>
        </test-method> <!-- quitSession -->
      </class> <!-- com.MyCompany.SeleniumTests.HandleMultipleTabsOrWindows -->
    </test> <!-- Default test -->
  </suite> <!-- Default suite -->
</testng-results>
